0 info it worked if it ends with ok
1 verbose cli [ 'C:\\Program Files\\nodejs\\node.exe',
1 verbose cli   'C:\\Program Files\\nodejs\\node_modules\\npm\\bin\\npm-cli.js',
1 verbose cli   'run',
1 verbose cli   'dev' ]
2 info using npm@3.10.10
3 info using node@v6.10.2
4 verbose run-script [ 'predev', 'dev', 'postdev' ]
5 info lifecycle vue-vue-router-webpack@1.1.0~predev: vue-vue-router-webpack@1.1.0
6 silly lifecycle vue-vue-router-webpack@1.1.0~predev: no script for predev, continuing
7 info lifecycle vue-vue-router-webpack@1.1.0~dev: vue-vue-router-webpack@1.1.0
8 verbose lifecycle vue-vue-router-webpack@1.1.0~dev: unsafe-perm in lifecycle true
9 verbose lifecycle vue-vue-router-webpack@1.1.0~dev: PATH: C:\Program Files\nodejs\node_modules\npm\bin\node-gyp-bin;E:\HBuilder项目\green\node_modules\.bin;E:\app\0.0\product\11.2.0\dbhome_1\bin;C:\ProgramData\Oracle\Java\javapath;C:\WINDOWS\system32;C:\WINDOWS;C:\WINDOWS\System32\Wbem;C:\WINDOWS\System32\WindowsPowerShell\v1.0\;C:\Program Files\Java\jdk1.8.0_65\bin;C:\Program Files\Java\jdk1.8.0_65\jre\bin;D:\Program Files\mysql\bin;D:\Program Files\mysql\bin;D:\Program Files\MySQL\MySQL Server 5.5\bin;C:\Program Files\Microsoft SQL Server\110\Tools\Binn\;C:\Program Files (x86)\Microsoft ASP.NET\ASP.NET Web Pages\v1.0\;C:\Program Files (x86)\Microsoft SQL Server\110\Tools\Binn\;C:\Program Files\Microsoft SQL Server\110\DTS\Binn\;C:\Program Files (x86)\Microsoft SQL Server\110\Tools\Binn\ManagementStudio\;C:\Program Files (x86)\Microsoft Visual Studio 10.0\Common7\IDE\PrivateAssemblies\;C:\Program Files (x86)\Microsoft SQL Server\110\DTS\Binn\;C:\Program Files\Microsoft\Web Platform Installer\;d:\Program Files\Git\cmd;D:\php\php7;C:\Program Files\nodejs\;C:\Users\0.0\AppData\Local\Microsoft\WindowsApps;C:\Users\0.0\AppData\Roaming\npm
10 verbose lifecycle vue-vue-router-webpack@1.1.0~dev: CWD: E:\HBuilder项目\green
11 silly lifecycle vue-vue-router-webpack@1.1.0~dev: Args: [ '/d /s /c',
11 silly lifecycle   'webpack-dev-server --inline --hot --compress --history-api-fallback --config webpack.dev.config.js' ]
12 silly lifecycle vue-vue-router-webpack@1.1.0~dev: Returned: code: 3221225786  signal: null
13 info lifecycle vue-vue-router-webpack@1.1.0~dev: Failed to exec dev script
14 verbose stack Error: vue-vue-router-webpack@1.1.0 dev: `webpack-dev-server --inline --hot --compress --history-api-fallback --config webpack.dev.config.js`
14 verbose stack Exit status 3221225786
14 verbose stack     at EventEmitter.<anonymous> (C:\Program Files\nodejs\node_modules\npm\lib\utils\lifecycle.js:255:16)
14 verbose stack     at emitTwo (events.js:106:13)
14 verbose stack     at EventEmitter.emit (events.js:191:7)
14 verbose stack     at ChildProcess.<anonymous> (C:\Program Files\nodejs\node_modules\npm\lib\utils\spawn.js:40:14)
14 verbose stack     at emitTwo (events.js:106:13)
14 verbose stack     at ChildProcess.emit (events.js:191:7)
14 verbose stack     at maybeClose (internal/child_process.js:886:16)
14 verbose stack     at Process.ChildProcess._handle.onexit (internal/child_process.js:226:5)
15 verbose pkgid vue-vue-router-webpack@1.1.0
16 verbose cwd E:\HBuilder项目\green
17 error Windows_NT 10.0.14393
18 error argv "C:\\Program Files\\nodejs\\node.exe" "C:\\Program Files\\nodejs\\node_modules\\npm\\bin\\npm-cli.js" "run" "dev"
19 error node v6.10.2
20 error npm  v3.10.10
21 error code ELIFECYCLE
22 error vue-vue-router-webpack@1.1.0 dev: `webpack-dev-server --inline --hot --compress --history-api-fallback --config webpack.dev.config.js`
22 error Exit status 3221225786
23 error Failed at the vue-vue-router-webpack@1.1.0 dev script 'webpack-dev-server --inline --hot --compress --history-api-fallback --config webpack.dev.config.js'.
23 error Make sure you have the latest version of node.js and npm installed.
23 error If you do, this is most likely a problem with the vue-vue-router-webpack package,
23 error not with npm itself.
23 error Tell the author that this fails on your system:
23 error     webpack-dev-server --inline --hot --compress --history-api-fallback --config webpack.dev.config.js
23 error You can get information on how to open an issue for this project with:
23 error     npm bugs vue-vue-router-webpack
23 error Or if that isn't available, you can get their info via:
23 error     npm owner ls vue-vue-router-webpack
23 error There is likely additional logging output above.
24 verbose exit [ 1, true ]
